[debug] [2025-04-23T04:49:53.082Z] ----------------------------------------------------------------------
[debug] [2025-04-23T04:49:53.091Z] Command:       C:\Program Files\nodejs\node.exe C:\Users\Lamg\AppData\Roaming\npm\node_modules\firebase-tools\lib\bin\firebase.js init
[debug] [2025-04-23T04:49:53.093Z] CLI Version:   14.2.0
[debug] [2025-04-23T04:49:53.093Z] Platform:      win32
[debug] [2025-04-23T04:49:53.093Z] Node Version:  v22.14.0
[debug] [2025-04-23T04:49:53.094Z] Time:          Tue Apr 22 2025 23:49:53 GMT-0500 (hora estándar de Colombia)
[debug] [2025-04-23T04:49:53.095Z] ----------------------------------------------------------------------
[debug] 
[debug] [2025-04-23T04:49:53.114Z] > command requires scopes: ["email","openid","https://www.googleapis.com/auth/cloudplatformprojects.readonly","https://www.googleapis.com/auth/firebase","https://www.googleapis.com/auth/cloud-platform"]
[debug] [2025-04-23T04:49:53.115Z] > authorizing via signed-in user (luismejiam1991@gmail.com)
[info] 
     ######## #### ########  ######## ########     ###     ######  ########
     ##        ##  ##     ## ##       ##     ##  ##   ##  ##       ##
     ######    ##  ########  ######   ########  #########  ######  ######
     ##        ##  ##    ##  ##       ##     ## ##     ##       ## ##
     ##       #### ##     ## ######## ########  ##     ##  ######  ########

You're about to initialize a Firebase project in this directory:

  C:\restaurante

Before we get started, keep in mind:

  * You are currently outside your home directory

[info] 
=== Project Setup
[info] 
[info] First, let's associate this project directory with a Firebase project.
[info] You can create multiple project aliases by running firebase use --add, 
[info] but for now we'll just set up a default project.
[info] 
[debug] [2025-04-23T04:54:05.360Z] Checked if tokens are valid: false, expires at: 1745376995248
[debug] [2025-04-23T04:54:05.361Z] Checked if tokens are valid: false, expires at: 1745376995248
[debug] [2025-04-23T04:54:05.362Z] > refreshing access token with scopes: []
[debug] [2025-04-23T04:54:05.367Z] >>> [apiv2][query] POST https://www.googleapis.com/oauth2/v3/token [none]
[debug] [2025-04-23T04:54:05.367Z] >>> [apiv2][body] POST https://www.googleapis.com/oauth2/v3/token [omitted]
[debug] [2025-04-23T04:54:05.883Z] <<< [apiv2][status] POST https://www.googleapis.com/oauth2/v3/token 200
[debug] [2025-04-23T04:54:05.883Z] <<< [apiv2][body] POST https://www.googleapis.com/oauth2/v3/token [omitted]
[debug] [2025-04-23T04:54:05.906Z] >>> [apiv2][query] GET https://firebase.googleapis.com/v1beta1/projects pageSize=100
[debug] [2025-04-23T04:54:06.435Z] <<< [apiv2][status] GET https://firebase.googleapis.com/v1beta1/projects 200
[debug] [2025-04-23T04:54:06.436Z] <<< [apiv2][body] GET https://firebase.googleapis.com/v1beta1/projects [omitted]
[info] i  Using project fastfod-brisas-de-venecia (fastfod-brisas-de-venecia) 
[info] 
=== Firestore Setup
[debug] [2025-04-23T04:55:08.479Z] Checked if tokens are valid: true, expires at: 1745387644884
[debug] [2025-04-23T04:55:08.479Z] Checked if tokens are valid: true, expires at: 1745387644884
[debug] [2025-04-23T04:55:08.485Z] >>> [apiv2][query] GET https://serviceusage.googleapis.com/v1/projects/fastfod-brisas-de-venecia/services/firestore.googleapis.com [none]
[debug] [2025-04-23T04:55:08.486Z] >>> [apiv2][(partial)header] GET https://serviceusage.googleapis.com/v1/projects/fastfod-brisas-de-venecia/services/firestore.googleapis.com x-goog-quota-user=projects/fastfod-brisas-de-venecia
[debug] [2025-04-23T04:55:09.511Z] <<< [apiv2][status] GET https://serviceusage.googleapis.com/v1/projects/fastfod-brisas-de-venecia/services/firestore.googleapis.com 200
[debug] [2025-04-23T04:55:09.512Z] <<< [apiv2][body] GET https://serviceusage.googleapis.com/v1/projects/fastfod-brisas-de-venecia/services/firestore.googleapis.com [omitted]
[debug] [2025-04-23T04:55:09.513Z] Checked if tokens are valid: true, expires at: 1745387644884
[debug] [2025-04-23T04:55:09.513Z] Checked if tokens are valid: true, expires at: 1745387644884
[debug] [2025-04-23T04:55:09.514Z] >>> [apiv2][query] GET https://firestore.googleapis.com/v1/projects/fastfod-brisas-de-venecia/databases/(default) [none]
[debug] [2025-04-23T04:55:10.457Z] <<< [apiv2][status] GET https://firestore.googleapis.com/v1/projects/fastfod-brisas-de-venecia/databases/(default) 200
[debug] [2025-04-23T04:55:10.458Z] <<< [apiv2][body] GET https://firestore.googleapis.com/v1/projects/fastfod-brisas-de-venecia/databases/(default) {"name":"projects/fastfod-brisas-de-venecia/databases/(default)","uid":"f5d8db74-d102-48a1-8640-a0d7212dc130","createTime":"2025-04-23T02:45:39.406036Z","updateTime":"2025-04-23T02:45:39.406036Z","locationId":"nam7","type":"FIRESTORE_NATIVE","concurrencyMode":"PESSIMISTIC","versionRetentionPeriod":"3600s","earliestVersionTime":"2025-04-23T03:55:10.805355Z","appEngineIntegrationMode":"DISABLED","pointInTimeRecoveryEnablement":"POINT_IN_TIME_RECOVERY_DISABLED","deleteProtectionState":"DELETE_PROTECTION_DISABLED","databaseEdition":"STANDARD","freeTier":true,"etag":"IIGbr7+u7YwDMLWWy/eR7YwD"}
[debug] [2025-04-23T04:55:10.459Z] database_type: FIRESTORE_NATIVE
[debug] [2025-04-23T04:55:10.459Z] database_type: FIRESTORE_NATIVE
[debug] [2025-04-23T04:55:10.461Z] > command requires scopes: ["email","openid","https://www.googleapis.com/auth/cloudplatformprojects.readonly","https://www.googleapis.com/auth/firebase","https://www.googleapis.com/auth/cloud-platform"]
[debug] [2025-04-23T04:55:10.462Z] > authorizing via signed-in user (luismejiam1991@gmail.com)
[debug] [2025-04-23T04:55:10.463Z] [iam] checking project fastfod-brisas-de-venecia for permissions ["firebase.projects.get"]
[debug] [2025-04-23T04:55:10.465Z] Checked if tokens are valid: true, expires at: 1745387644884
[debug] [2025-04-23T04:55:10.465Z] Checked if tokens are valid: true, expires at: 1745387644884
[debug] [2025-04-23T04:55:10.466Z] >>> [apiv2][query] POST https://cloudresourcemanager.googleapis.com/v1/projects/fastfod-brisas-de-venecia:testIamPermissions [none]
[debug] [2025-04-23T04:55:10.466Z] >>> [apiv2][(partial)header] POST https://cloudresourcemanager.googleapis.com/v1/projects/fastfod-brisas-de-venecia:testIamPermissions x-goog-quota-user=projects/fastfod-brisas-de-venecia
[debug] [2025-04-23T04:55:10.466Z] >>> [apiv2][body] POST https://cloudresourcemanager.googleapis.com/v1/projects/fastfod-brisas-de-venecia:testIamPermissions {"permissions":["firebase.projects.get"]}
[debug] [2025-04-23T04:55:11.668Z] <<< [apiv2][status] POST https://cloudresourcemanager.googleapis.com/v1/projects/fastfod-brisas-de-venecia:testIamPermissions 200
[debug] [2025-04-23T04:55:11.669Z] <<< [apiv2][body] POST https://cloudresourcemanager.googleapis.com/v1/projects/fastfod-brisas-de-venecia:testIamPermissions {"permissions":["firebase.projects.get"]}
[info] 
[info] Firestore Security Rules allow you to define how and when to allow
[info] requests. You can keep these rules in your project directory
[info] and publish them with firebase deploy.
[info] 
[debug] [2025-04-23T04:57:56.753Z] Checked if tokens are valid: true, expires at: 1745387644884
[debug] [2025-04-23T04:57:56.754Z] Checked if tokens are valid: true, expires at: 1745387644884
[debug] [2025-04-23T04:57:56.756Z] >>> [apiv2][query] GET https://firebaserules.googleapis.com/v1/projects/fastfod-brisas-de-venecia/releases pageSize=10&pageToken=
[debug] [2025-04-23T04:57:57.275Z] <<< [apiv2][status] GET https://firebaserules.googleapis.com/v1/projects/fastfod-brisas-de-venecia/releases 200
[debug] [2025-04-23T04:57:57.276Z] <<< [apiv2][body] GET https://firebaserules.googleapis.com/v1/projects/fastfod-brisas-de-venecia/releases {"releases":[{"name":"projects/fastfod-brisas-de-venecia/releases/cloud.firestore","rulesetName":"projects/fastfod-brisas-de-venecia/rulesets/d4f20a2d-3c03-46fe-a2f6-61f761fe32cd","createTime":"2025-04-23T02:45:43.134875Z","updateTime":"2025-04-23T02:45:43.134875Z"}]}
[debug] [2025-04-23T04:57:57.277Z] Found ruleset: projects/fastfod-brisas-de-venecia/rulesets/d4f20a2d-3c03-46fe-a2f6-61f761fe32cd
[debug] [2025-04-23T04:57:57.278Z] Checked if tokens are valid: true, expires at: 1745387644884
[debug] [2025-04-23T04:57:57.278Z] Checked if tokens are valid: true, expires at: 1745387644884
[debug] [2025-04-23T04:57:57.278Z] >>> [apiv2][query] GET https://firebaserules.googleapis.com/v1/projects/fastfod-brisas-de-venecia/rulesets/d4f20a2d-3c03-46fe-a2f6-61f761fe32cd [none]
[debug] [2025-04-23T04:57:57.493Z] <<< [apiv2][status] GET https://firebaserules.googleapis.com/v1/projects/fastfod-brisas-de-venecia/rulesets/d4f20a2d-3c03-46fe-a2f6-61f761fe32cd 200
[debug] [2025-04-23T04:57:57.493Z] <<< [apiv2][body] GET https://firebaserules.googleapis.com/v1/projects/fastfod-brisas-de-venecia/rulesets/d4f20a2d-3c03-46fe-a2f6-61f761fe32cd [omitted]
[info] 
[info] Firestore indexes allow you to perform complex queries while
[info] maintaining performance that scales with the size of the result
[info] set. You can keep index definitions in your project directory
[info] and publish them with firebase deploy.
[info] 
[debug] [2025-04-23T04:58:04.802Z] Checked if tokens are valid: true, expires at: 1745387644884
[debug] [2025-04-23T04:58:04.806Z] Checked if tokens are valid: true, expires at: 1745387644884
[debug] [2025-04-23T04:58:04.807Z] Checked if tokens are valid: true, expires at: 1745387644884
[debug] [2025-04-23T04:58:04.807Z] Checked if tokens are valid: true, expires at: 1745387644884
[debug] [2025-04-23T04:58:04.809Z] >>> [apiv2][query] GET https://firestore.googleapis.com/v1/projects/fastfod-brisas-de-venecia/databases/(default)/collectionGroups/-/indexes [none]
[debug] [2025-04-23T04:58:04.826Z] >>> [apiv2][query] GET https://firestore.googleapis.com/v1/projects/fastfod-brisas-de-venecia/databases/(default)/collectionGroups/-/fields?filter=indexConfig.usesAncestorConfig=false OR ttlConfig:* [none]
[debug] [2025-04-23T04:58:05.683Z] <<< [apiv2][status] GET https://firestore.googleapis.com/v1/projects/fastfod-brisas-de-venecia/databases/(default)/collectionGroups/-/indexes 200
[debug] [2025-04-23T04:58:05.685Z] <<< [apiv2][body] GET https://firestore.googleapis.com/v1/projects/fastfod-brisas-de-venecia/databases/(default)/collectionGroups/-/indexes {}
[debug] [2025-04-23T04:58:05.840Z] <<< [apiv2][status] GET https://firestore.googleapis.com/v1/projects/fastfod-brisas-de-venecia/databases/(default)/collectionGroups/-/fields?filter=indexConfig.usesAncestorConfig=false OR ttlConfig:* 200
[debug] [2025-04-23T04:58:05.841Z] <<< [apiv2][body] GET https://firestore.googleapis.com/v1/projects/fastfod-brisas-de-venecia/databases/(default)/collectionGroups/-/fields?filter=indexConfig.usesAncestorConfig=false OR ttlConfig:* {"fields":[{"name":"projects/fastfod-brisas-de-venecia/databases/(default)/collectionGroups/__default__/fields/*","indexConfig":{"indexes":[{"queryScope":"COLLECTION","fields":[{"fieldPath":"*","order":"ASCENDING"}],"state":"READY"},{"queryScope":"COLLECTION","fields":[{"fieldPath":"*","order":"DESCENDING"}],"state":"READY"},{"queryScope":"COLLECTION","fields":[{"fieldPath":"*","arrayConfig":"CONTAINS"}],"state":"READY"}]}}]}
[info] 
=== Hosting Setup
[debug] [2025-04-23T04:58:05.857Z] Checked if tokens are valid: true, expires at: 1745387644884
[debug] [2025-04-23T04:58:05.857Z] Checked if tokens are valid: true, expires at: 1745387644884
[debug] [2025-04-23T04:58:05.858Z] >>> [apiv2][query] GET https://firebase.googleapis.com/v1beta1/projects/fastfod-brisas-de-venecia [none]
[debug] [2025-04-23T04:58:06.663Z] <<< [apiv2][status] GET https://firebase.googleapis.com/v1beta1/projects/fastfod-brisas-de-venecia 200
[debug] [2025-04-23T04:58:06.664Z] <<< [apiv2][body] GET https://firebase.googleapis.com/v1beta1/projects/fastfod-brisas-de-venecia {"projectId":"fastfod-brisas-de-venecia","projectNumber":"831666512057","displayName":"fastfod-brisas-de-venecia","name":"projects/fastfod-brisas-de-venecia","resources":{"hostingSite":"fastfod-brisas-de-venecia"},"state":"ACTIVE","etag":"1_ec184fd1-1e9e-4db3-9067-509bfccc5e36"}
[info] 
[info] Your public directory is the folder (relative to your project directory) that
[info] will contain Hosting assets to be uploaded with firebase deploy. If you
[info] have a build process for your assets, use your build's output directory.
[info] 
[debug] [2025-04-23T04:58:24.904Z] >>> [apiv2][query] GET https://www.gstatic.com/firebasejs/releases.json [none]
[debug] [2025-04-23T04:58:25.218Z] <<< [apiv2][status] GET https://www.gstatic.com/firebasejs/releases.json 200
[debug] [2025-04-23T04:58:25.219Z] <<< [apiv2][body] GET https://www.gstatic.com/firebasejs/releases.json {"current":{"version":"11.6.0","browserURL":"https://www.gstatic.com/firebasejs/11.6.0/firebase.js","packageURL":"https://www.gstatic.com/firebasejs/11.6.0/firebase.tgz"},"live":{"version":"11.6","browserURL":"https://www.gstatic.com/firebasejs/live/11.6/firebase.js","packageURL":"https://www.gstatic.com/firebasejs/live/11.6/firebase.tgz"},"components":{"analytics":"https://www.gstatic.com/firebasejs/11.6.0/firebase-analytics.js","app":"https://www.gstatic.com/firebasejs/11.6.0/firebase-app.js","app-check":"https://www.gstatic.com/firebasejs/11.6.0/firebase-app-check.js","auth":"https://www.gstatic.com/firebasejs/11.6.0/firebase-auth.js","auth/cordova":"https://www.gstatic.com/firebasejs/11.6.0/firebase-auth/cordova.js","auth/web-extension":"https://www.gstatic.com/firebasejs/11.6.0/firebase-auth/web-extension.js","functions":"https://www.gstatic.com/firebasejs/11.6.0/firebase-functions.js","firestore":"https://www.gstatic.com/firebasejs/11.6.0/firebase-firestore.js","firestore/lite":"https://www.gstatic.com/firebasejs/11.6.0/firebase-firestore/lite.js","installations":"https://www.gstatic.com/firebasejs/11.6.0/firebase-installations.js","storage":"https://www.gstatic.com/firebasejs/11.6.0/firebase-storage.js","performance":"https://www.gstatic.com/firebasejs/11.6.0/firebase-performance.js","remote-config":"https://www.gstatic.com/firebasejs/11.6.0/firebase-remote-config.js","messaging":"https://www.gstatic.com/firebasejs/11.6.0/firebase-messaging.js","messaging/sw":"https://www.gstatic.com/firebasejs/11.6.0/firebase-messaging/sw.js","database":"https://www.gstatic.com/firebasejs/11.6.0/firebase-database.js","vertexai":"https://www.gstatic.com/firebasejs/11.6.0/firebase-vertexai.js","data-connect":"https://www.gstatic.com/firebasejs/11.6.0/firebase-data-connect.js","firestore.memory":"https://www.gstatic.com/firebasejs/11.6.0/firebase-firestore.memory.js"}}
[info] +  Wrote public/index.html 
[info] 
[info] i  Didn't detect a .git folder. Assuming C:\restaurante is the project root. 
[info] i  Authorizing with GitHub to upload your service account to a GitHub repository's secrets store. 
[info] 
[info] Visit this URL on this device to log in:
[info] https://github.com/login/oauth/authorize?client_id=89cf50f02ac6aaed3484&state=247473790&redirect_uri=http%3A%2F%2Flocalhost%3A9005&scope=read%3Auser%20repo%20public_repo
[info] 
[info] Waiting for authentication...
[debug] [2025-04-23T04:58:55.885Z] >>> [apiv2][query] POST https://github.com/login/oauth/access_token [none]
[debug] [2025-04-23T04:58:55.885Z] >>> [apiv2][body] POST https://github.com/login/oauth/access_token [stream]
[debug] [2025-04-23T04:58:56.410Z] <<< [apiv2][status] POST https://github.com/login/oauth/access_token 200
[debug] [2025-04-23T04:58:56.411Z] <<< [apiv2][body] POST https://github.com/login/oauth/access_token {"access_token":"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","token_type":"bearer","scope":"read:user,repo"}
[debug] [2025-04-23T04:58:56.429Z] >>> [apiv2][query] GET https://api.github.com/user [none]
[debug] [2025-04-23T04:58:57.039Z] <<< [apiv2][status] GET https://api.github.com/user 200
[debug] [2025-04-23T04:58:57.039Z] <<< [apiv2][body] GET https://api.github.com/user {"login":"lamg2091","id":138161679,"node_id":"U_kgDOCDwuDw","avatar_url":"https://avatars.githubusercontent.com/u/138161679?v=4","gravatar_id":"","url":"https://api.github.com/users/lamg2091","html_url":"https://github.com/lamg2091","followers_url":"https://api.github.com/users/lamg2091/followers","following_url":"https://api.github.com/users/lamg2091/following{/other_user}","gists_url":"https://api.github.com/users/lamg2091/gists{/gist_id}","starred_url":"https://api.github.com/users/lamg2091/starred{/owner}{/repo}","subscriptions_url":"https://api.github.com/users/lamg2091/subscriptions","organizations_url":"https://api.github.com/users/lamg2091/orgs","repos_url":"https://api.github.com/users/lamg2091/repos","events_url":"https://api.github.com/users/lamg2091/events{/privacy}","received_events_url":"https://api.github.com/users/lamg2091/received_events","type":"User","user_view_type":"private","site_admin":false,"name":null,"company":null,"blog":"","location":null,"email":null,"hireable":null,"bio":null,"twitter_username":null,"notification_email":null,"public_repos":5,"public_gists":0,"followers":0,"following":0,"created_at":"2023-06-29T19:49:10Z","updated_at":"2025-04-21T20:47:10Z","private_gists":0,"total_private_repos":0,"owned_private_repos":0,"disk_usage":66784,"collaborators":0,"two_factor_authentication":false,"plan":{"name":"free","space":976562499,"collaborators":0,"private_repos":10000}}
[info] 
[info] +  Success! Logged into GitHub as lamg2091 
[info] 
[debug] [2025-04-23T04:59:07.652Z] >>> [apiv2][query] GET https://api.github.com/repos//actions/secrets/public-key type=owner
[debug] [2025-04-23T04:59:08.394Z] <<< [apiv2][status] GET https://api.github.com/repos//actions/secrets/public-key 404
[debug] [2025-04-23T04:59:08.394Z] <<< [apiv2][body] GET https://api.github.com/repos//actions/secrets/public-key {"message":"Not Found","documentation_url":"https://docs.github.com/rest","status":"404"}
[info] 
[info] 
[error] !  The provided authorization cannot be used with this repository. If this repository is in an organization, did you remember to grant access? 
[info] 
[info] i  Action required: Visit this URL to ensure access has been granted to the appropriate organization(s) for the Firebase CLI GitHub OAuth App: 
[info] https://github.com/settings/connections/applications/89cf50f02ac6aaed3484
[info] 
[debug] [2025-04-23T04:59:10.024Z] >>> [apiv2][query] GET https://api.github.com/repos//actions/secrets/public-key type=owner
[debug] [2025-04-23T04:59:10.300Z] <<< [apiv2][status] GET https://api.github.com/repos//actions/secrets/public-key 404
[debug] [2025-04-23T04:59:10.301Z] <<< [apiv2][body] GET https://api.github.com/repos//actions/secrets/public-key {"message":"Not Found","documentation_url":"https://docs.github.com/rest","status":"404"}
[info] 
[info] 
[error] !  The provided authorization cannot be used with this repository. If this repository is in an organization, did you remember to grant access? 
[info] 
[info] i  Action required: Visit this URL to ensure access has been granted to the appropriate organization(s) for the Firebase CLI GitHub OAuth App: 
[info] https://github.com/settings/connections/applications/89cf50f02ac6aaed3484
[info] 
[debug] [2025-04-23T04:59:14.717Z] >>> [apiv2][query] GET https://api.github.com/repos//actions/secrets/public-key type=owner
[debug] [2025-04-23T04:59:14.966Z] <<< [apiv2][status] GET https://api.github.com/repos//actions/secrets/public-key 404
[debug] [2025-04-23T04:59:14.966Z] <<< [apiv2][body] GET https://api.github.com/repos//actions/secrets/public-key {"message":"Not Found","documentation_url":"https://docs.github.com/rest","status":"404"}
[info] 
[info] 
[error] !  The provided authorization cannot be used with this repository. If this repository is in an organization, did you remember to grant access? 
[info] 
[info] i  Action required: Visit this URL to ensure access has been granted to the appropriate organization(s) for the Firebase CLI GitHub OAuth App: 
[info] https://github.com/settings/connections/applications/89cf50f02ac6aaed3484
[info] 
[debug] [2025-04-23T04:59:37.523Z] >>> [apiv2][query] GET https://api.github.com/repos//actions/secrets/public-key type=owner
[debug] [2025-04-23T04:59:37.990Z] <<< [apiv2][status] GET https://api.github.com/repos//actions/secrets/public-key 404
[debug] [2025-04-23T04:59:37.990Z] <<< [apiv2][body] GET https://api.github.com/repos//actions/secrets/public-key {"message":"Not Found","documentation_url":"https://docs.github.com/rest","status":"404"}
[info] 
[info] 
[error] !  The provided authorization cannot be used with this repository. If this repository is in an organization, did you remember to grant access? 
[info] 
[info] i  Action required: Visit this URL to ensure access has been granted to the appropriate organization(s) for the Firebase CLI GitHub OAuth App: 
[info] https://github.com/settings/connections/applications/89cf50f02ac6aaed3484
[info] 
[debug] [2025-04-23T05:21:47.497Z] >>> [apiv2][query] GET https://api.github.com/repos//actions/secrets/public-key type=owner
[debug] [2025-04-23T05:21:47.992Z] <<< [apiv2][status] GET https://api.github.com/repos//actions/secrets/public-key 401
[debug] [2025-04-23T05:21:47.992Z] <<< [apiv2][body] GET https://api.github.com/repos//actions/secrets/public-key {"message":"Bad credentials","documentation_url":"https://docs.github.com/rest","status":"401"}
[debug] [2025-04-23T05:26:05.809Z] >>> [apiv2][query] GET https://api.github.com/repos/luis2091/actions/secrets/public-key type=owner
[debug] [2025-04-23T05:26:06.442Z] <<< [apiv2][status] GET https://api.github.com/repos/luis2091/actions/secrets/public-key 401
[debug] [2025-04-23T05:26:06.443Z] <<< [apiv2][body] GET https://api.github.com/repos/luis2091/actions/secrets/public-key {"message":"Bad credentials","documentation_url":"https://docs.github.com/rest","status":"401"}
